-- Found ament_cmake: 0.9.12 (/opt/ros/foxy/share/ament_cmake/cmake)
-- Using PYTHON_EXECUTABLE: /home/zha406/anaconda3/bin/python3
-- Override CMake install command with custom implementation using symlinks instead of copying resources
-- Found ament_lint_auto: 0.9.8 (/opt/ros/foxy/share/ament_lint_auto/cmake)
-- Added test 'copyright' to check source files copyright and LICENSE
-- Added test 'cppcheck' to perform static code analysis on C / C++ code
-- Configured cppcheck include dirs: 
-- Configured cppcheck exclude dirs and/or files: 
-- Added test 'cpplint' to check C / C++ code against the Google style
-- Configured cpplint exclude dirs and/or files: 
-- Added test 'flake8' to check Python code syntax and style conventions
-- Added test 'lint_cmake' to check CMake code style
-- Added test 'pep257' to check Python code against some of the style conventions in PEP 257
-- Added test 'uncrustify' to check C / C++ code style
-- Configured uncrustify additional arguments: 
-- Added test 'xmllint' to check XML markup files
-- Configuring done (0.3s)
-- Generating done (0.0s)
-- Build files have been written to: /home/zha406/Codes/my_bot/build/my_bot
-- Install configuration: ""
-- Execute custom install script
-- Symlinking: /home/zha406/Codes/my_bot/install/my_bot/share/my_bot/config/empty.yaml
-- Symlinking: /home/zha406/Codes/my_bot/install/my_bot/share/my_bot/description/robot.urdf.xacro
-- Symlinking: /home/zha406/Codes/my_bot/install/my_bot/share/my_bot/launch/rsp.launch.py
-- Symlinking: /home/zha406/Codes/my_bot/install/my_bot/share/my_bot/worlds/empty.world
-- Symlinking: /home/zha406/Codes/my_bot/install/my_bot/share/ament_index/resource_index/package_run_dependencies/my_bot
-- Symlinking: /home/zha406/Codes/my_bot/install/my_bot/share/ament_index/resource_index/parent_prefix_path/my_bot
-- Symlinking: /home/zha406/Codes/my_bot/install/my_bot/share/my_bot/environment/ament_prefix_path.sh
-- Symlinking: /home/zha406/Codes/my_bot/install/my_bot/share/my_bot/environment/ament_prefix_path.dsv
-- Symlinking: /home/zha406/Codes/my_bot/install/my_bot/share/my_bot/environment/path.sh
-- Symlinking: /home/zha406/Codes/my_bot/install/my_bot/share/my_bot/environment/path.dsv
-- Symlinking: /home/zha406/Codes/my_bot/install/my_bot/share/my_bot/local_setup.bash
-- Symlinking: /home/zha406/Codes/my_bot/install/my_bot/share/my_bot/local_setup.sh
-- Symlinking: /home/zha406/Codes/my_bot/install/my_bot/share/my_bot/local_setup.zsh
-- Symlinking: /home/zha406/Codes/my_bot/install/my_bot/share/my_bot/local_setup.dsv
-- Symlinking: /home/zha406/Codes/my_bot/install/my_bot/share/my_bot/package.dsv
-- Symlinking: /home/zha406/Codes/my_bot/install/my_bot/share/ament_index/resource_index/packages/my_bot
-- Symlinking: /home/zha406/Codes/my_bot/install/my_bot/share/my_bot/cmake/my_botConfig.cmake
-- Symlinking: /home/zha406/Codes/my_bot/install/my_bot/share/my_bot/cmake/my_botConfig-version.cmake
-- Symlinking: /home/zha406/Codes/my_bot/install/my_bot/share/my_bot/package.xml
