[0.032s] Invoking command in '/home/zha406/Codes/my_bot/build/my_bot': CMAKE_PREFIX_PATH=/opt/ros/foxy:${CMAKE_PREFIX_PATH} CONDA_PROMPT_MODIFIER=(base) /home/zha406/.local/bin/cmake /home/zha406/Codes/my_bot -DAMENT_CMAKE_SYMLINK_INSTALL=1 -DCMAKE_INSTALL_PREFIX=/home/zha406/Codes/my_bot/install/my_bot
[0.096s] -- Found ament_cmake: 0.9.12 (/opt/ros/foxy/share/ament_cmake/cmake)
[0.098s] [33mCMake Warning (dev) at /opt/ros/foxy/share/ament_cmake_core/cmake/core/python.cmake:22 (find_package):
[0.098s]   Policy CMP0148 is not set: The FindPythonInterp and FindPythonLibs modules
[0.098s]   are removed.  Run "cmake --help-policy CMP0148" for policy details.  Use
[0.099s]   the cmake_policy command to set the policy and suppress this warning.
[0.099s] 
[0.099s] Call Stack (most recent call first):
[0.099s]   /opt/ros/foxy/share/ament_cmake_core/cmake/core/all.cmake:53 (include)
[0.099s]   /opt/ros/foxy/share/ament_cmake_core/cmake/ament_cmake_core-extras.cmake:17 (include)
[0.100s]   /opt/ros/foxy/share/ament_cmake_core/cmake/ament_cmake_coreConfig.cmake:41 (include)
[0.100s]   /opt/ros/foxy/share/ament_cmake/cmake/ament_cmake_export_dependencies-extras.cmake:15 (find_package)
[0.100s]   /opt/ros/foxy/share/ament_cmake/cmake/ament_cmakeConfig.cmake:41 (include)
[0.100s]   CMakeLists.txt:19 (find_package)
[0.100s] This warning is for project developers.  Use -Wno-dev to suppress it.
[0.100s] [0m
[0.128s] -- Using PYTHON_EXECUTABLE: /home/zha406/anaconda3/bin/python3
[0.278s] -- Override CMake install command with custom implementation using symlinks instead of copying resources
[0.283s] -- Found ament_lint_auto: 0.9.8 (/opt/ros/foxy/share/ament_lint_auto/cmake)
[0.360s] -- Added test 'copyright' to check source files copyright and LICENSE
[0.365s] -- Added test 'cppcheck' to perform static code analysis on C / C++ code
[0.365s] -- Configured cppcheck include dirs: 
[0.366s] -- Configured cppcheck exclude dirs and/or files: 
[0.370s] -- Added test 'cpplint' to check C / C++ code against the Google style
[0.370s] -- Configured cpplint exclude dirs and/or files: 
[0.371s] -- Added test 'flake8' to check Python code syntax and style conventions
[0.372s] -- Added test 'lint_cmake' to check CMake code style
[0.373s] -- Added test 'pep257' to check Python code against some of the style conventions in PEP 257
[0.378s] -- Added test 'uncrustify' to check C / C++ code style
[0.378s] -- Configured uncrustify additional arguments: 
[0.379s] -- Added test 'xmllint' to check XML markup files
[0.380s] -- Configuring done (0.3s)
[0.382s] -- Generating done (0.0s)
[0.382s] -- Build files have been written to: /home/zha406/Codes/my_bot/build/my_bot
[0.390s] Invoked command in '/home/zha406/Codes/my_bot/build/my_bot' returned '0': CMAKE_PREFIX_PATH=/opt/ros/foxy:${CMAKE_PREFIX_PATH} CONDA_PROMPT_MODIFIER=(base) /home/zha406/.local/bin/cmake /home/zha406/Codes/my_bot -DAMENT_CMAKE_SYMLINK_INSTALL=1 -DCMAKE_INSTALL_PREFIX=/home/zha406/Codes/my_bot/install/my_bot
[0.394s] Invoking command in '/home/zha406/Codes/my_bot/build/my_bot': CMAKE_PREFIX_PATH=/opt/ros/foxy:${CMAKE_PREFIX_PATH} CONDA_PROMPT_MODIFIER=(base) /home/zha406/.local/bin/cmake --build /home/zha406/Codes/my_bot/build/my_bot -- -j20 -l20
[0.460s] Invoked command in '/home/zha406/Codes/my_bot/build/my_bot' returned '0': CMAKE_PREFIX_PATH=/opt/ros/foxy:${CMAKE_PREFIX_PATH} CONDA_PROMPT_MODIFIER=(base) /home/zha406/.local/bin/cmake --build /home/zha406/Codes/my_bot/build/my_bot -- -j20 -l20
[0.597s] Invoking command in '/home/zha406/Codes/my_bot/build/my_bot': CMAKE_PREFIX_PATH=/opt/ros/foxy:${CMAKE_PREFIX_PATH} CONDA_PROMPT_MODIFIER=(base) /home/zha406/.local/bin/cmake --install /home/zha406/Codes/my_bot/build/my_bot
[0.634s] -- Install configuration: ""
[0.634s] -- Execute custom install script
[0.634s] -- Symlinking: /home/zha406/Codes/my_bot/install/my_bot/share/my_bot/config/empty.yaml
[0.639s] -- Symlinking: /home/zha406/Codes/my_bot/install/my_bot/share/my_bot/description/robot.urdf.xacro
[0.645s] -- Symlinking: /home/zha406/Codes/my_bot/install/my_bot/share/my_bot/launch/rsp.launch.py
[0.650s] -- Symlinking: /home/zha406/Codes/my_bot/install/my_bot/share/my_bot/worlds/empty.world
[0.654s] -- Symlinking: /home/zha406/Codes/my_bot/install/my_bot/share/ament_index/resource_index/package_run_dependencies/my_bot
[0.660s] -- Symlinking: /home/zha406/Codes/my_bot/install/my_bot/share/ament_index/resource_index/parent_prefix_path/my_bot
[0.666s] -- Symlinking: /home/zha406/Codes/my_bot/install/my_bot/share/my_bot/environment/ament_prefix_path.sh
[0.671s] -- Symlinking: /home/zha406/Codes/my_bot/install/my_bot/share/my_bot/environment/ament_prefix_path.dsv
[0.676s] -- Symlinking: /home/zha406/Codes/my_bot/install/my_bot/share/my_bot/environment/path.sh
[0.681s] -- Symlinking: /home/zha406/Codes/my_bot/install/my_bot/share/my_bot/environment/path.dsv
[0.687s] -- Symlinking: /home/zha406/Codes/my_bot/install/my_bot/share/my_bot/local_setup.bash
[0.693s] -- Symlinking: /home/zha406/Codes/my_bot/install/my_bot/share/my_bot/local_setup.sh
[0.699s] -- Symlinking: /home/zha406/Codes/my_bot/install/my_bot/share/my_bot/local_setup.zsh
[0.705s] -- Symlinking: /home/zha406/Codes/my_bot/install/my_bot/share/my_bot/local_setup.dsv
[0.711s] -- Symlinking: /home/zha406/Codes/my_bot/install/my_bot/share/my_bot/package.dsv
[0.717s] -- Symlinking: /home/zha406/Codes/my_bot/install/my_bot/share/ament_index/resource_index/packages/my_bot
[0.722s] -- Symlinking: /home/zha406/Codes/my_bot/install/my_bot/share/my_bot/cmake/my_botConfig.cmake
[0.728s] -- Symlinking: /home/zha406/Codes/my_bot/install/my_bot/share/my_bot/cmake/my_botConfig-version.cmake
[0.734s] -- Symlinking: /home/zha406/Codes/my_bot/install/my_bot/share/my_bot/package.xml
[0.753s] Invoked command in '/home/zha406/Codes/my_bot/build/my_bot' returned '0': CMAKE_PREFIX_PATH=/opt/ros/foxy:${CMAKE_PREFIX_PATH} CONDA_PROMPT_MODIFIER=(base) /home/zha406/.local/bin/cmake --install /home/zha406/Codes/my_bot/build/my_bot
