[0.259s] DEBUG:colcon:Command line arguments: ['/usr/bin/colcon', 'build', '--symlink-install']
[0.260s] DEBUG:colcon:Parsed command line arguments: Namespace(allow_overriding=[], ament_cmake_args=None, base_paths=['.'], build_base='build', catkin_cmake_args=None, catkin_skip_building_tests=False, cmake_args=None, cmake_clean_cache=False, cmake_clean_first=False, cmake_force_configure=False, cmake_target=None, cmake_target_skip_unavailable=False, continue_on_error=False, event_handlers=None, executor='parallel', ignore_user_meta=False, install_base='install', log_base=None, log_level=None, main=<bound method BuildVerb.main of <colcon_core.verb.build.BuildVerb object at 0x7f3e34289130>>, merge_install=False, metas=['./colcon.meta'], packages_above=None, packages_above_and_dependencies=None, packages_above_depth=None, packages_end=None, packages_ignore=None, packages_ignore_regex=None, packages_select=None, packages_select_build_failed=False, packages_select_by_dep=None, packages_select_regex=None, packages_select_test_failures=False, packages_skip=None, packages_skip_build_finished=False, packages_skip_by_dep=None, packages_skip_regex=None, packages_skip_test_passed=False, packages_skip_up_to=None, packages_start=None, packages_up_to=None, packages_up_to_regex=None, parallel_workers=20, paths=None, symlink_install=True, test_result_base=None, verb_extension=<colcon_core.verb.build.BuildVerb object at 0x7f3e34289130>, verb_name='build', verb_parser=<colcon_defaults.argument_parser.defaults.DefaultArgumentsDecorator object at 0x7f3e34289670>)
[0.278s] Level 1:colcon.colcon_core.package_discovery:discover_packages(colcon_meta) check parameters
[0.278s] Level 1:colcon.colcon_core.package_discovery:discover_packages(recursive) check parameters
[0.278s] Level 1:colcon.colcon_core.package_discovery:discover_packages(ignore) check parameters
[0.278s] Level 1:colcon.colcon_core.package_discovery:discover_packages(path) check parameters
[0.278s] Level 1:colcon.colcon_core.package_discovery:discover_packages(colcon_meta) discover
[0.278s] Level 1:colcon.colcon_core.package_discovery:discover_packages(recursive) discover
[0.278s] INFO:colcon.colcon_core.package_discovery:Crawling recursively for packages in '/home/zha406/Codes/my_bot'
[0.278s] Level 1:colcon.colcon_core.package_identification:_identify(.) by extensions ['ignore', 'ignore_ament_install']
[0.278s] Level 1:colcon.colcon_core.package_identification:_identify(.) by extension 'ignore'
[0.278s] Level 1:colcon.colcon_core.package_identification:_identify(.) by extension 'ignore_ament_install'
[0.278s] Level 1:colcon.colcon_core.package_identification:_identify(.) by extensions ['colcon_pkg']
[0.278s] Level 1:colcon.colcon_core.package_identification:_identify(.) by extension 'colcon_pkg'
[0.278s] Level 1:colcon.colcon_core.package_identification:_identify(.) by extensions ['colcon_meta']
[0.278s] Level 1:colcon.colcon_core.package_identification:_identify(.) by extension 'colcon_meta'
[0.278s] Level 1:colcon.colcon_core.package_identification:_identify(.) by extensions ['ros']
[0.278s] Level 1:colcon.colcon_core.package_identification:_identify(.) by extension 'ros'
[0.293s] DEBUG:colcon.colcon_core.package_identification:Package '.' with type 'ros.ament_cmake' and name 'my_bot'
[0.293s] Level 1:colcon.colcon_core.package_discovery:discover_packages(recursive) using defaults
[0.293s] Level 1:colcon.colcon_core.package_discovery:discover_packages(ignore) discover
[0.293s] Level 1:colcon.colcon_core.package_discovery:discover_packages(ignore) using defaults
[0.293s] Level 1:colcon.colcon_core.package_discovery:discover_packages(path) discover
[0.293s] Level 1:colcon.colcon_core.package_discovery:discover_packages(path) using defaults
[0.307s] Level 1:colcon.colcon_core.package_discovery:discover_packages(prefix_path) check parameters
[0.307s] Level 1:colcon.colcon_core.package_discovery:discover_packages(prefix_path) discover
[0.309s] DEBUG:colcon.colcon_installed_package_information.package_discovery:Found 259 installed packages in /opt/ros/foxy
[0.311s] Level 1:colcon.colcon_core.package_discovery:discover_packages(prefix_path) using defaults
[0.358s] Level 5:colcon.colcon_core.verb:set package 'my_bot' build argument 'cmake_args' from command line to 'None'
[0.358s] Level 5:colcon.colcon_core.verb:set package 'my_bot' build argument 'cmake_target' from command line to 'None'
[0.358s] Level 5:colcon.colcon_core.verb:set package 'my_bot' build argument 'cmake_target_skip_unavailable' from command line to 'False'
[0.358s] Level 5:colcon.colcon_core.verb:set package 'my_bot' build argument 'cmake_clean_cache' from command line to 'False'
[0.358s] Level 5:colcon.colcon_core.verb:set package 'my_bot' build argument 'cmake_clean_first' from command line to 'False'
[0.358s] Level 5:colcon.colcon_core.verb:set package 'my_bot' build argument 'cmake_force_configure' from command line to 'False'
[0.358s] Level 5:colcon.colcon_core.verb:set package 'my_bot' build argument 'ament_cmake_args' from command line to 'None'
[0.358s] Level 5:colcon.colcon_core.verb:set package 'my_bot' build argument 'catkin_cmake_args' from command line to 'None'
[0.358s] Level 5:colcon.colcon_core.verb:set package 'my_bot' build argument 'catkin_skip_building_tests' from command line to 'False'
[0.358s] DEBUG:colcon.colcon_core.verb:Building package 'my_bot' with the following arguments: {'ament_cmake_args': None, 'build_base': '/home/zha406/Codes/my_bot/build/my_bot', 'catkin_cmake_args': None, 'catkin_skip_building_tests': False, 'cmake_args': None, 'cmake_clean_cache': False, 'cmake_clean_first': False, 'cmake_force_configure': False, 'cmake_target': None, 'cmake_target_skip_unavailable': False, 'install_base': '/home/zha406/Codes/my_bot/install/my_bot', 'merge_install': False, 'path': '/home/zha406/Codes/my_bot', 'symlink_install': True, 'test_result_base': None}
[0.359s] INFO:colcon.colcon_core.executor:Executing jobs using 'parallel' executor
[0.361s] DEBUG:colcon.colcon_parallel_executor.executor.parallel:run_until_complete
[0.362s] INFO:colcon.colcon_ros.task.ament_cmake.build:Building ROS package in '/home/zha406/Codes/my_bot' with build type 'ament_cmake'
[0.362s] INFO:colcon.colcon_cmake.task.cmake.build:Building CMake package in '/home/zha406/Codes/my_bot'
[0.372s] INFO:colcon.colcon_core.plugin_system:Skipping extension 'colcon_core.shell.bat': Not used on non-Windows systems
[0.372s] INFO:colcon.colcon_core.shell:Skip shell extension 'powershell' for command environment: Not usable outside of PowerShell
[0.372s] DEBUG:colcon.colcon_core.shell:Skip shell extension 'dsv' for command environment
[0.379s] DEBUG:colcon.colcon_core.shell:Ignoring prefix path '/opt/ros/noetic'
[0.395s] DEBUG:colcon.colcon_core.event_handler.log_command:Invoking command in '/home/zha406/Codes/my_bot/build/my_bot': CMAKE_PREFIX_PATH=/opt/ros/foxy:${CMAKE_PREFIX_PATH} CONDA_PROMPT_MODIFIER=(base) /home/zha406/.local/bin/cmake /home/zha406/Codes/my_bot -DAMENT_CMAKE_SYMLINK_INSTALL=1 -DCMAKE_INSTALL_PREFIX=/home/zha406/Codes/my_bot/install/my_bot
[0.753s] DEBUG:colcon.colcon_core.event_handler.log_command:Invoked command in '/home/zha406/Codes/my_bot/build/my_bot' returned '0': CMAKE_PREFIX_PATH=/opt/ros/foxy:${CMAKE_PREFIX_PATH} CONDA_PROMPT_MODIFIER=(base) /home/zha406/.local/bin/cmake /home/zha406/Codes/my_bot -DAMENT_CMAKE_SYMLINK_INSTALL=1 -DCMAKE_INSTALL_PREFIX=/home/zha406/Codes/my_bot/install/my_bot
[0.757s] DEBUG:colcon.colcon_core.event_handler.log_command:Invoking command in '/home/zha406/Codes/my_bot/build/my_bot': CMAKE_PREFIX_PATH=/opt/ros/foxy:${CMAKE_PREFIX_PATH} CONDA_PROMPT_MODIFIER=(base) /home/zha406/.local/bin/cmake --build /home/zha406/Codes/my_bot/build/my_bot -- -j20 -l20
[0.822s] DEBUG:colcon.colcon_core.event_handler.log_command:Invoked command in '/home/zha406/Codes/my_bot/build/my_bot' returned '0': CMAKE_PREFIX_PATH=/opt/ros/foxy:${CMAKE_PREFIX_PATH} CONDA_PROMPT_MODIFIER=(base) /home/zha406/.local/bin/cmake --build /home/zha406/Codes/my_bot/build/my_bot -- -j20 -l20
[0.960s] DEBUG:colcon.colcon_core.event_handler.log_command:Invoking command in '/home/zha406/Codes/my_bot/build/my_bot': CMAKE_PREFIX_PATH=/opt/ros/foxy:${CMAKE_PREFIX_PATH} CONDA_PROMPT_MODIFIER=(base) /home/zha406/.local/bin/cmake --install /home/zha406/Codes/my_bot/build/my_bot
[1.113s] Level 1:colcon.colcon_core.environment:create_environment_scripts_only(my_bot)
[1.115s] DEBUG:colcon.colcon_core.event_handler.log_command:Invoked command in '/home/zha406/Codes/my_bot/build/my_bot' returned '0': CMAKE_PREFIX_PATH=/opt/ros/foxy:${CMAKE_PREFIX_PATH} CONDA_PROMPT_MODIFIER=(base) /home/zha406/.local/bin/cmake --install /home/zha406/Codes/my_bot/build/my_bot
[1.124s] Level 1:colcon.colcon_core.environment:checking '/home/zha406/Codes/my_bot/install/my_bot' for CMake module files
[1.125s] Level 1:colcon.colcon_core.environment:checking '/home/zha406/Codes/my_bot/install/my_bot' for CMake config files
[1.126s] Level 1:colcon.colcon_core.shell:create_environment_hook('my_bot', 'cmake_prefix_path')
[1.128s] INFO:colcon.colcon_core.shell:Creating environment hook '/home/zha406/Codes/my_bot/install/my_bot/share/my_bot/hook/cmake_prefix_path.ps1'
[1.129s] INFO:colcon.colcon_core.shell:Creating environment descriptor '/home/zha406/Codes/my_bot/install/my_bot/share/my_bot/hook/cmake_prefix_path.dsv'
[1.129s] INFO:colcon.colcon_core.shell:Creating environment hook '/home/zha406/Codes/my_bot/install/my_bot/share/my_bot/hook/cmake_prefix_path.sh'
[1.131s] Level 1:colcon.colcon_core.environment:checking '/home/zha406/Codes/my_bot/install/my_bot/bin'
[1.131s] Level 1:colcon.colcon_core.environment:checking '/home/zha406/Codes/my_bot/install/my_bot/lib/pkgconfig/my_bot.pc'
[1.131s] Level 1:colcon.colcon_core.environment:checking '/home/zha406/Codes/my_bot/install/my_bot/lib/python3.8/site-packages'
[1.132s] Level 1:colcon.colcon_core.environment:checking '/home/zha406/Codes/my_bot/install/my_bot/bin'
[1.133s] INFO:colcon.colcon_core.shell:Creating package script '/home/zha406/Codes/my_bot/install/my_bot/share/my_bot/package.ps1'
[1.134s] INFO:colcon.colcon_core.shell:Creating package descriptor '/home/zha406/Codes/my_bot/install/my_bot/share/my_bot/package.dsv'
[1.135s] INFO:colcon.colcon_core.shell:Creating package script '/home/zha406/Codes/my_bot/install/my_bot/share/my_bot/package.sh'
[1.136s] INFO:colcon.colcon_core.shell:Creating package script '/home/zha406/Codes/my_bot/install/my_bot/share/my_bot/package.bash'
[1.136s] INFO:colcon.colcon_core.shell:Creating package script '/home/zha406/Codes/my_bot/install/my_bot/share/my_bot/package.zsh'
[1.137s] Level 1:colcon.colcon_core.environment:create_file_with_runtime_dependencies(/home/zha406/Codes/my_bot/install/my_bot/share/colcon-core/packages/my_bot)
[1.232s] Level 1:colcon.colcon_core.environment:create_environment_scripts_only(my_bot)
[1.238s] Level 1:colcon.colcon_core.environment:checking '/home/zha406/Codes/my_bot/install/my_bot' for CMake module files
[1.239s] Level 1:colcon.colcon_core.environment:checking '/home/zha406/Codes/my_bot/install/my_bot' for CMake config files
[1.240s] Level 1:colcon.colcon_core.shell:create_environment_hook('my_bot', 'cmake_prefix_path')
[1.243s] INFO:colcon.colcon_core.shell:Creating environment hook '/home/zha406/Codes/my_bot/install/my_bot/share/my_bot/hook/cmake_prefix_path.ps1'
[1.244s] INFO:colcon.colcon_core.shell:Creating environment descriptor '/home/zha406/Codes/my_bot/install/my_bot/share/my_bot/hook/cmake_prefix_path.dsv'
[1.245s] INFO:colcon.colcon_core.shell:Creating environment hook '/home/zha406/Codes/my_bot/install/my_bot/share/my_bot/hook/cmake_prefix_path.sh'
[1.246s] Level 1:colcon.colcon_core.environment:checking '/home/zha406/Codes/my_bot/install/my_bot/bin'
[1.246s] Level 1:colcon.colcon_core.environment:checking '/home/zha406/Codes/my_bot/install/my_bot/lib/pkgconfig/my_bot.pc'
[1.246s] Level 1:colcon.colcon_core.environment:checking '/home/zha406/Codes/my_bot/install/my_bot/lib/python3.8/site-packages'
[1.247s] Level 1:colcon.colcon_core.environment:checking '/home/zha406/Codes/my_bot/install/my_bot/bin'
[1.249s] INFO:colcon.colcon_core.shell:Creating package script '/home/zha406/Codes/my_bot/install/my_bot/share/my_bot/package.ps1'
[1.250s] INFO:colcon.colcon_core.shell:Creating package descriptor '/home/zha406/Codes/my_bot/install/my_bot/share/my_bot/package.dsv'
[1.251s] INFO:colcon.colcon_core.shell:Creating package script '/home/zha406/Codes/my_bot/install/my_bot/share/my_bot/package.sh'
[1.251s] INFO:colcon.colcon_core.shell:Creating package script '/home/zha406/Codes/my_bot/install/my_bot/share/my_bot/package.bash'
[1.252s] INFO:colcon.colcon_core.shell:Creating package script '/home/zha406/Codes/my_bot/install/my_bot/share/my_bot/package.zsh'
[1.253s] Level 1:colcon.colcon_core.environment:create_file_with_runtime_dependencies(/home/zha406/Codes/my_bot/install/my_bot/share/colcon-core/packages/my_bot)
[1.253s] DEBUG:colcon.colcon_parallel_executor.executor.parallel:closing loop
[1.254s] DEBUG:colcon.colcon_parallel_executor.executor.parallel:loop closed
[1.254s] DEBUG:colcon.colcon_parallel_executor.executor.parallel:run_until_complete finished with '0'
[1.254s] DEBUG:colcon.colcon_core.event_reactor:joining thread
[1.268s] INFO:colcon.colcon_core.plugin_system:Skipping extension 'colcon_notification.desktop_notification.terminal_notifier': Not used on non-Darwin systems
[1.268s] INFO:colcon.colcon_core.plugin_system:Skipping extension 'colcon_notification.desktop_notification.win32': Not used on non-Windows systems
[1.268s] INFO:colcon.colcon_notification.desktop_notification:Sending desktop notification using 'notify2'
[1.300s] DEBUG:colcon.colcon_core.event_reactor:joined thread
[1.304s] INFO:colcon.colcon_core.shell:Creating prefix script '/home/zha406/Codes/my_bot/install/local_setup.ps1'
[1.306s] INFO:colcon.colcon_core.shell:Creating prefix util module '/home/zha406/Codes/my_bot/install/_local_setup_util_ps1.py'
[1.309s] INFO:colcon.colcon_core.shell:Creating prefix chain script '/home/zha406/Codes/my_bot/install/setup.ps1'
[1.313s] INFO:colcon.colcon_core.shell:Creating prefix script '/home/zha406/Codes/my_bot/install/local_setup.sh'
[1.314s] INFO:colcon.colcon_core.shell:Creating prefix util module '/home/zha406/Codes/my_bot/install/_local_setup_util_sh.py'
[1.315s] INFO:colcon.colcon_core.shell:Creating prefix chain script '/home/zha406/Codes/my_bot/install/setup.sh'
[1.317s] INFO:colcon.colcon_core.shell:Creating prefix script '/home/zha406/Codes/my_bot/install/local_setup.bash'
[1.318s] INFO:colcon.colcon_core.shell:Creating prefix chain script '/home/zha406/Codes/my_bot/install/setup.bash'
[1.320s] INFO:colcon.colcon_core.shell:Creating prefix script '/home/zha406/Codes/my_bot/install/local_setup.zsh'
[1.321s] INFO:colcon.colcon_core.shell:Creating prefix chain script '/home/zha406/Codes/my_bot/install/setup.zsh'
