[0.258s] DEBUG:colcon:Command line arguments: ['/usr/bin/colcon', 'build', '--symlink-install']
[0.258s] DEBUG:colcon:Parsed command line arguments: Namespace(allow_overriding=[], ament_cmake_args=None, base_paths=['.'], build_base='build', catkin_cmake_args=None, catkin_skip_building_tests=False, cmake_args=None, cmake_clean_cache=False, cmake_clean_first=False, cmake_force_configure=False, cmake_target=None, cmake_target_skip_unavailable=False, continue_on_error=False, event_handlers=None, executor='parallel', ignore_user_meta=False, install_base='install', log_base=None, log_level=None, main=<bound method BuildVerb.main of <colcon_core.verb.build.BuildVerb object at 0x7f9d3e11a130>>, merge_install=False, metas=['./colcon.meta'], packages_above=None, packages_above_and_dependencies=None, packages_above_depth=None, packages_end=None, packages_ignore=None, packages_ignore_regex=None, packages_select=None, packages_select_build_failed=False, packages_select_by_dep=None, packages_select_regex=None, packages_select_test_failures=False, packages_skip=None, packages_skip_build_finished=False, packages_skip_by_dep=None, packages_skip_regex=None, packages_skip_test_passed=False, packages_skip_up_to=None, packages_start=None, packages_up_to=None, packages_up_to_regex=None, parallel_workers=20, paths=None, symlink_install=True, test_result_base=None, verb_extension=<colcon_core.verb.build.BuildVerb object at 0x7f9d3e11a130>, verb_name='build', verb_parser=<colcon_defaults.argument_parser.defaults.DefaultArgumentsDecorator object at 0x7f9d3e11a670>)
[0.278s] Level 1:colcon.colcon_core.package_discovery:discover_packages(colcon_meta) check parameters
[0.278s] Level 1:colcon.colcon_core.package_discovery:discover_packages(recursive) check parameters
[0.278s] Level 1:colcon.colcon_core.package_discovery:discover_packages(ignore) check parameters
[0.278s] Level 1:colcon.colcon_core.package_discovery:discover_packages(path) check parameters
[0.278s] Level 1:colcon.colcon_core.package_discovery:discover_packages(colcon_meta) discover
[0.278s] Level 1:colcon.colcon_core.package_discovery:discover_packages(recursive) discover
[0.279s] INFO:colcon.colcon_core.package_discovery:Crawling recursively for packages in '/home/zha406/Codes/my_bot'
[0.279s] Level 1:colcon.colcon_core.package_identification:_identify(.) by extensions ['ignore', 'ignore_ament_install']
[0.279s] Level 1:colcon.colcon_core.package_identification:_identify(.) by extension 'ignore'
[0.279s] Level 1:colcon.colcon_core.package_identification:_identify(.) by extension 'ignore_ament_install'
[0.279s] Level 1:colcon.colcon_core.package_identification:_identify(.) by extensions ['colcon_pkg']
[0.279s] Level 1:colcon.colcon_core.package_identification:_identify(.) by extension 'colcon_pkg'
[0.279s] Level 1:colcon.colcon_core.package_identification:_identify(.) by extensions ['colcon_meta']
[0.279s] Level 1:colcon.colcon_core.package_identification:_identify(.) by extension 'colcon_meta'
[0.279s] Level 1:colcon.colcon_core.package_identification:_identify(.) by extensions ['ros']
[0.279s] Level 1:colcon.colcon_core.package_identification:_identify(.) by extension 'ros'
[0.296s] DEBUG:colcon.colcon_core.package_identification:Package '.' with type 'ros.ament_cmake' and name 'my_bot'
[0.296s] Level 1:colcon.colcon_core.package_discovery:discover_packages(recursive) using defaults
[0.296s] Level 1:colcon.colcon_core.package_discovery:discover_packages(ignore) discover
[0.296s] Level 1:colcon.colcon_core.package_discovery:discover_packages(ignore) using defaults
[0.296s] Level 1:colcon.colcon_core.package_discovery:discover_packages(path) discover
[0.297s] Level 1:colcon.colcon_core.package_discovery:discover_packages(path) using defaults
[0.312s] Level 1:colcon.colcon_core.package_discovery:discover_packages(prefix_path) check parameters
[0.312s] Level 1:colcon.colcon_core.package_discovery:discover_packages(prefix_path) discover
[0.314s] DEBUG:colcon.colcon_installed_package_information.package_discovery:Found 1 installed packages in /home/zha406/Codes/my_bot/install
[0.315s] DEBUG:colcon.colcon_installed_package_information.package_discovery:Found 266 installed packages in /opt/ros/foxy
[0.317s] Level 1:colcon.colcon_core.package_discovery:discover_packages(prefix_path) using defaults
[0.368s] Level 5:colcon.colcon_core.verb:set package 'my_bot' build argument 'cmake_args' from command line to 'None'
[0.368s] Level 5:colcon.colcon_core.verb:set package 'my_bot' build argument 'cmake_target' from command line to 'None'
[0.368s] Level 5:colcon.colcon_core.verb:set package 'my_bot' build argument 'cmake_target_skip_unavailable' from command line to 'False'
[0.368s] Level 5:colcon.colcon_core.verb:set package 'my_bot' build argument 'cmake_clean_cache' from command line to 'False'
[0.368s] Level 5:colcon.colcon_core.verb:set package 'my_bot' build argument 'cmake_clean_first' from command line to 'False'
[0.368s] Level 5:colcon.colcon_core.verb:set package 'my_bot' build argument 'cmake_force_configure' from command line to 'False'
[0.368s] Level 5:colcon.colcon_core.verb:set package 'my_bot' build argument 'ament_cmake_args' from command line to 'None'
[0.368s] Level 5:colcon.colcon_core.verb:set package 'my_bot' build argument 'catkin_cmake_args' from command line to 'None'
[0.368s] Level 5:colcon.colcon_core.verb:set package 'my_bot' build argument 'catkin_skip_building_tests' from command line to 'False'
[0.368s] DEBUG:colcon.colcon_core.verb:Building package 'my_bot' with the following arguments: {'ament_cmake_args': None, 'build_base': '/home/zha406/Codes/my_bot/build/my_bot', 'catkin_cmake_args': None, 'catkin_skip_building_tests': False, 'cmake_args': None, 'cmake_clean_cache': False, 'cmake_clean_first': False, 'cmake_force_configure': False, 'cmake_target': None, 'cmake_target_skip_unavailable': False, 'install_base': '/home/zha406/Codes/my_bot/install/my_bot', 'merge_install': False, 'path': '/home/zha406/Codes/my_bot', 'symlink_install': True, 'test_result_base': None}
[0.369s] INFO:colcon.colcon_core.executor:Executing jobs using 'parallel' executor
[0.371s] DEBUG:colcon.colcon_parallel_executor.executor.parallel:run_until_complete
[0.372s] INFO:colcon.colcon_ros.task.ament_cmake.build:Building ROS package in '/home/zha406/Codes/my_bot' with build type 'ament_cmake'
[0.372s] INFO:colcon.colcon_cmake.task.cmake.build:Building CMake package in '/home/zha406/Codes/my_bot'
[0.381s] INFO:colcon.colcon_core.plugin_system:Skipping extension 'colcon_core.shell.bat': Not used on non-Windows systems
[0.382s] INFO:colcon.colcon_core.shell:Skip shell extension 'powershell' for command environment: Not usable outside of PowerShell
[0.382s] DEBUG:colcon.colcon_core.shell:Skip shell extension 'dsv' for command environment
[0.392s] DEBUG:colcon.colcon_core.shell:Ignoring prefix path '/opt/ros/noetic'
[0.412s] DEBUG:colcon.colcon_core.event_handler.log_command:Invoking command in '/home/zha406/Codes/my_bot/build/my_bot': CMAKE_PREFIX_PATH=/home/zha406/Codes/my_bot/install/my_bot:/opt/ros/foxy:/opt/ros/noetic CONDA_PROMPT_MODIFIER=(bot) /home/zha406/.local/bin/cmake --build /home/zha406/Codes/my_bot/build/my_bot -- -j20 -l20
[0.485s] DEBUG:colcon.colcon_core.event_handler.log_command:Invoked command in '/home/zha406/Codes/my_bot/build/my_bot' returned '0': CMAKE_PREFIX_PATH=/home/zha406/Codes/my_bot/install/my_bot:/opt/ros/foxy:/opt/ros/noetic CONDA_PROMPT_MODIFIER=(bot) /home/zha406/.local/bin/cmake --build /home/zha406/Codes/my_bot/build/my_bot -- -j20 -l20
[0.616s] DEBUG:colcon.colcon_core.event_handler.log_command:Invoking command in '/home/zha406/Codes/my_bot/build/my_bot': CMAKE_PREFIX_PATH=/home/zha406/Codes/my_bot/install/my_bot:/opt/ros/foxy:/opt/ros/noetic CONDA_PROMPT_MODIFIER=(bot) /home/zha406/.local/bin/cmake --install /home/zha406/Codes/my_bot/build/my_bot
[0.666s] Level 1:colcon.colcon_core.environment:create_environment_scripts_only(my_bot)
[0.670s] DEBUG:colcon.colcon_core.event_handler.log_command:Invoked command in '/home/zha406/Codes/my_bot/build/my_bot' returned '0': CMAKE_PREFIX_PATH=/home/zha406/Codes/my_bot/install/my_bot:/opt/ros/foxy:/opt/ros/noetic CONDA_PROMPT_MODIFIER=(bot) /home/zha406/.local/bin/cmake --install /home/zha406/Codes/my_bot/build/my_bot
[0.675s] Level 1:colcon.colcon_core.environment:checking '/home/zha406/Codes/my_bot/install/my_bot' for CMake module files
[0.676s] Level 1:colcon.colcon_core.environment:checking '/home/zha406/Codes/my_bot/install/my_bot' for CMake config files
[0.676s] Level 1:colcon.colcon_core.shell:create_environment_hook('my_bot', 'cmake_prefix_path')
[0.678s] INFO:colcon.colcon_core.shell:Creating environment hook '/home/zha406/Codes/my_bot/install/my_bot/share/my_bot/hook/cmake_prefix_path.ps1'
[0.679s] INFO:colcon.colcon_core.shell:Creating environment descriptor '/home/zha406/Codes/my_bot/install/my_bot/share/my_bot/hook/cmake_prefix_path.dsv'
[0.680s] INFO:colcon.colcon_core.shell:Creating environment hook '/home/zha406/Codes/my_bot/install/my_bot/share/my_bot/hook/cmake_prefix_path.sh'
[0.681s] Level 1:colcon.colcon_core.environment:checking '/home/zha406/Codes/my_bot/install/my_bot/bin'
[0.681s] Level 1:colcon.colcon_core.environment:checking '/home/zha406/Codes/my_bot/install/my_bot/lib/pkgconfig/my_bot.pc'
[0.681s] Level 1:colcon.colcon_core.environment:checking '/home/zha406/Codes/my_bot/install/my_bot/lib/python3.8/site-packages'
[0.681s] Level 1:colcon.colcon_core.environment:checking '/home/zha406/Codes/my_bot/install/my_bot/bin'
[0.683s] INFO:colcon.colcon_core.shell:Creating package script '/home/zha406/Codes/my_bot/install/my_bot/share/my_bot/package.ps1'
[0.684s] INFO:colcon.colcon_core.shell:Creating package descriptor '/home/zha406/Codes/my_bot/install/my_bot/share/my_bot/package.dsv'
[0.684s] INFO:colcon.colcon_core.shell:Creating package script '/home/zha406/Codes/my_bot/install/my_bot/share/my_bot/package.sh'
[0.685s] INFO:colcon.colcon_core.shell:Creating package script '/home/zha406/Codes/my_bot/install/my_bot/share/my_bot/package.bash'
[0.686s] INFO:colcon.colcon_core.shell:Creating package script '/home/zha406/Codes/my_bot/install/my_bot/share/my_bot/package.zsh'
[0.686s] Level 1:colcon.colcon_core.environment:create_file_with_runtime_dependencies(/home/zha406/Codes/my_bot/install/my_bot/share/colcon-core/packages/my_bot)
[0.742s] Level 1:colcon.colcon_core.environment:create_environment_scripts_only(my_bot)
[0.747s] Level 1:colcon.colcon_core.environment:checking '/home/zha406/Codes/my_bot/install/my_bot' for CMake module files
[0.749s] Level 1:colcon.colcon_core.environment:checking '/home/zha406/Codes/my_bot/install/my_bot' for CMake config files
[0.749s] Level 1:colcon.colcon_core.shell:create_environment_hook('my_bot', 'cmake_prefix_path')
[0.753s] INFO:colcon.colcon_core.shell:Creating environment hook '/home/zha406/Codes/my_bot/install/my_bot/share/my_bot/hook/cmake_prefix_path.ps1'
[0.754s] INFO:colcon.colcon_core.shell:Creating environment descriptor '/home/zha406/Codes/my_bot/install/my_bot/share/my_bot/hook/cmake_prefix_path.dsv'
[0.754s] INFO:colcon.colcon_core.shell:Creating environment hook '/home/zha406/Codes/my_bot/install/my_bot/share/my_bot/hook/cmake_prefix_path.sh'
[0.755s] Level 1:colcon.colcon_core.environment:checking '/home/zha406/Codes/my_bot/install/my_bot/bin'
[0.755s] Level 1:colcon.colcon_core.environment:checking '/home/zha406/Codes/my_bot/install/my_bot/lib/pkgconfig/my_bot.pc'
[0.756s] Level 1:colcon.colcon_core.environment:checking '/home/zha406/Codes/my_bot/install/my_bot/lib/python3.8/site-packages'
[0.756s] Level 1:colcon.colcon_core.environment:checking '/home/zha406/Codes/my_bot/install/my_bot/bin'
[0.758s] INFO:colcon.colcon_core.shell:Creating package script '/home/zha406/Codes/my_bot/install/my_bot/share/my_bot/package.ps1'
[0.759s] INFO:colcon.colcon_core.shell:Creating package descriptor '/home/zha406/Codes/my_bot/install/my_bot/share/my_bot/package.dsv'
[0.760s] INFO:colcon.colcon_core.shell:Creating package script '/home/zha406/Codes/my_bot/install/my_bot/share/my_bot/package.sh'
[0.761s] INFO:colcon.colcon_core.shell:Creating package script '/home/zha406/Codes/my_bot/install/my_bot/share/my_bot/package.bash'
[0.761s] INFO:colcon.colcon_core.shell:Creating package script '/home/zha406/Codes/my_bot/install/my_bot/share/my_bot/package.zsh'
[0.762s] Level 1:colcon.colcon_core.environment:create_file_with_runtime_dependencies(/home/zha406/Codes/my_bot/install/my_bot/share/colcon-core/packages/my_bot)
[0.763s] DEBUG:colcon.colcon_parallel_executor.executor.parallel:closing loop
[0.763s] DEBUG:colcon.colcon_parallel_executor.executor.parallel:loop closed
[0.764s] DEBUG:colcon.colcon_parallel_executor.executor.parallel:run_until_complete finished with '0'
[0.764s] DEBUG:colcon.colcon_core.event_reactor:joining thread
[0.775s] INFO:colcon.colcon_core.plugin_system:Skipping extension 'colcon_notification.desktop_notification.terminal_notifier': Not used on non-Darwin systems
[0.775s] INFO:colcon.colcon_core.plugin_system:Skipping extension 'colcon_notification.desktop_notification.win32': Not used on non-Windows systems
[0.775s] INFO:colcon.colcon_notification.desktop_notification:Sending desktop notification using 'notify2'
[0.802s] DEBUG:colcon.colcon_core.event_reactor:joined thread
[0.806s] INFO:colcon.colcon_core.shell:Creating prefix script '/home/zha406/Codes/my_bot/install/local_setup.ps1'
[0.808s] INFO:colcon.colcon_core.shell:Creating prefix util module '/home/zha406/Codes/my_bot/install/_local_setup_util_ps1.py'
[0.811s] INFO:colcon.colcon_core.shell:Creating prefix chain script '/home/zha406/Codes/my_bot/install/setup.ps1'
[0.814s] INFO:colcon.colcon_core.shell:Creating prefix script '/home/zha406/Codes/my_bot/install/local_setup.sh'
[0.815s] INFO:colcon.colcon_core.shell:Creating prefix util module '/home/zha406/Codes/my_bot/install/_local_setup_util_sh.py'
[0.816s] INFO:colcon.colcon_core.shell:Creating prefix chain script '/home/zha406/Codes/my_bot/install/setup.sh'
[0.818s] INFO:colcon.colcon_core.shell:Creating prefix script '/home/zha406/Codes/my_bot/install/local_setup.bash'
[0.819s] INFO:colcon.colcon_core.shell:Creating prefix chain script '/home/zha406/Codes/my_bot/install/setup.bash'
[0.821s] INFO:colcon.colcon_core.shell:Creating prefix script '/home/zha406/Codes/my_bot/install/local_setup.zsh'
[0.822s] INFO:colcon.colcon_core.shell:Creating prefix chain script '/home/zha406/Codes/my_bot/install/setup.zsh'
