[0.024s] Invoking command in '/home/zha406/Codes/my_bot/build/my_bot': CMAKE_PREFIX_PATH=/opt/ros/foxy:${CMAKE_PREFIX_PATH} CONDA_PROMPT_MODIFIER=(base) /home/zha406/.local/bin/cmake --build /home/zha406/Codes/my_bot/build/my_bot -- -j20 -l20
[0.078s] Invoked command in '/home/zha406/Codes/my_bot/build/my_bot' returned '0': CMAKE_PREFIX_PATH=/opt/ros/foxy:${CMAKE_PREFIX_PATH} CONDA_PROMPT_MODIFIER=(base) /home/zha406/.local/bin/cmake --build /home/zha406/Codes/my_bot/build/my_bot -- -j20 -l20
[0.216s] Invoking command in '/home/zha406/Codes/my_bot/build/my_bot': CMAKE_PREFIX_PATH=/opt/ros/foxy:${CMAKE_PREFIX_PATH} CONDA_PROMPT_MODIFIER=(base) /home/zha406/.local/bin/cmake --install /home/zha406/Codes/my_bot/build/my_bot
[0.274s] -- Install configuration: ""
[0.275s] -- Execute custom install script
[0.276s] -- Up-to-date symlink: /home/zha406/Codes/my_bot/install/my_bot/share/my_bot/config/empty.yaml
[0.276s] -- Symlinking: /home/zha406/Codes/my_bot/install/my_bot/share/my_bot/config/view_bot.rviz
[0.283s] -- Up-to-date symlink: /home/zha406/Codes/my_bot/install/my_bot/share/my_bot/description/inertial_macros.xacro
[0.283s] -- Up-to-date symlink: /home/zha406/Codes/my_bot/install/my_bot/share/my_bot/description/robot.urdf.xacro
[0.283s] -- Up-to-date symlink: /home/zha406/Codes/my_bot/install/my_bot/share/my_bot/description/robot_core.xacro
[0.284s] -- Up-to-date symlink: /home/zha406/Codes/my_bot/install/my_bot/share/my_bot/launch/rsp.launch.py
[0.284s] -- Up-to-date symlink: /home/zha406/Codes/my_bot/install/my_bot/share/my_bot/worlds/empty.world
[0.285s] -- Up-to-date symlink: /home/zha406/Codes/my_bot/install/my_bot/share/ament_index/resource_index/package_run_dependencies/my_bot
[0.285s] -- Up-to-date symlink: /home/zha406/Codes/my_bot/install/my_bot/share/ament_index/resource_index/parent_prefix_path/my_bot
[0.286s] -- Up-to-date symlink: /home/zha406/Codes/my_bot/install/my_bot/share/my_bot/environment/ament_prefix_path.sh
[0.286s] -- Up-to-date symlink: /home/zha406/Codes/my_bot/install/my_bot/share/my_bot/environment/ament_prefix_path.dsv
[0.286s] -- Up-to-date symlink: /home/zha406/Codes/my_bot/install/my_bot/share/my_bot/environment/path.sh
[0.287s] -- Up-to-date symlink: /home/zha406/Codes/my_bot/install/my_bot/share/my_bot/environment/path.dsv
[0.287s] -- Up-to-date symlink: /home/zha406/Codes/my_bot/install/my_bot/share/my_bot/local_setup.bash
[0.288s] -- Up-to-date symlink: /home/zha406/Codes/my_bot/install/my_bot/share/my_bot/local_setup.sh
[0.288s] -- Up-to-date symlink: /home/zha406/Codes/my_bot/install/my_bot/share/my_bot/local_setup.zsh
[0.288s] -- Up-to-date symlink: /home/zha406/Codes/my_bot/install/my_bot/share/my_bot/local_setup.dsv
[0.289s] -- Symlinking: /home/zha406/Codes/my_bot/install/my_bot/share/my_bot/package.dsv
[0.296s] -- Up-to-date symlink: /home/zha406/Codes/my_bot/install/my_bot/share/ament_index/resource_index/packages/my_bot
[0.296s] -- Up-to-date symlink: /home/zha406/Codes/my_bot/install/my_bot/share/my_bot/cmake/my_botConfig.cmake
[0.296s] -- Up-to-date symlink: /home/zha406/Codes/my_bot/install/my_bot/share/my_bot/cmake/my_botConfig-version.cmake
[0.296s] -- Up-to-date symlink: /home/zha406/Codes/my_bot/install/my_bot/share/my_bot/package.xml
[0.310s] Invoked command in '/home/zha406/Codes/my_bot/build/my_bot' returned '0': CMAKE_PREFIX_PATH=/opt/ros/foxy:${CMAKE_PREFIX_PATH} CONDA_PROMPT_MODIFIER=(base) /home/zha406/.local/bin/cmake --install /home/zha406/Codes/my_bot/build/my_bot
