[0.330s] DEBUG:colcon:Command line arguments: ['/usr/bin/colcon', 'build', '--symlink-install']
[0.331s] DEBUG:colcon:Parsed command line arguments: Namespace(allow_overriding=[], ament_cmake_args=None, base_paths=['.'], build_base='build', catkin_cmake_args=None, catkin_skip_building_tests=False, cmake_args=None, cmake_clean_cache=False, cmake_clean_first=False, cmake_force_configure=False, cmake_target=None, cmake_target_skip_unavailable=False, continue_on_error=False, event_handlers=None, executor='parallel', ignore_user_meta=False, install_base='install', log_base=None, log_level=None, main=<bound method BuildVerb.main of <colcon_core.verb.build.BuildVerb object at 0x7fdbf47c3220>>, merge_install=False, metas=['./colcon.meta'], packages_above=None, packages_above_and_dependencies=None, packages_above_depth=None, packages_end=None, packages_ignore=None, packages_ignore_regex=None, packages_select=None, packages_select_build_failed=False, packages_select_by_dep=None, packages_select_regex=None, packages_select_test_failures=False, packages_skip=None, packages_skip_build_finished=False, packages_skip_by_dep=None, packages_skip_regex=None, packages_skip_test_passed=False, packages_skip_up_to=None, packages_start=None, packages_up_to=None, packages_up_to_regex=None, parallel_workers=20, paths=None, symlink_install=True, test_result_base=None, verb_extension=<colcon_core.verb.build.BuildVerb object at 0x7fdbf47c3220>, verb_name='build', verb_parser=<colcon_defaults.argument_parser.defaults.DefaultArgumentsDecorator object at 0x7fdbf47c3760>)
[0.352s] Level 1:colcon.colcon_core.package_discovery:discover_packages(colcon_meta) check parameters
[0.352s] Level 1:colcon.colcon_core.package_discovery:discover_packages(recursive) check parameters
[0.352s] Level 1:colcon.colcon_core.package_discovery:discover_packages(ignore) check parameters
[0.352s] Level 1:colcon.colcon_core.package_discovery:discover_packages(path) check parameters
[0.352s] Level 1:colcon.colcon_core.package_discovery:discover_packages(colcon_meta) discover
[0.352s] Level 1:colcon.colcon_core.package_discovery:discover_packages(recursive) discover
[0.352s] INFO:colcon.colcon_core.package_discovery:Crawling recursively for packages in '/home/zha406/Codes/my_bot'
[0.352s] Level 1:colcon.colcon_core.package_identification:_identify(.) by extensions ['ignore', 'ignore_ament_install']
[0.352s] Level 1:colcon.colcon_core.package_identification:_identify(.) by extension 'ignore'
[0.352s] Level 1:colcon.colcon_core.package_identification:_identify(.) by extension 'ignore_ament_install'
[0.353s] Level 1:colcon.colcon_core.package_identification:_identify(.) by extensions ['colcon_pkg']
[0.353s] Level 1:colcon.colcon_core.package_identification:_identify(.) by extension 'colcon_pkg'
[0.353s] Level 1:colcon.colcon_core.package_identification:_identify(.) by extensions ['colcon_meta']
[0.353s] Level 1:colcon.colcon_core.package_identification:_identify(.) by extension 'colcon_meta'
[0.353s] Level 1:colcon.colcon_core.package_identification:_identify(.) by extensions ['ros']
[0.353s] Level 1:colcon.colcon_core.package_identification:_identify(.) by extension 'ros'
[0.372s] DEBUG:colcon.colcon_core.package_identification:Package '.' with type 'ros.ament_cmake' and name 'my_bot'
[0.372s] Level 1:colcon.colcon_core.package_discovery:discover_packages(recursive) using defaults
[0.372s] Level 1:colcon.colcon_core.package_discovery:discover_packages(ignore) discover
[0.372s] Level 1:colcon.colcon_core.package_discovery:discover_packages(ignore) using defaults
[0.372s] Level 1:colcon.colcon_core.package_discovery:discover_packages(path) discover
[0.372s] Level 1:colcon.colcon_core.package_discovery:discover_packages(path) using defaults
[0.388s] Level 1:colcon.colcon_core.package_discovery:discover_packages(prefix_path) check parameters
[0.388s] Level 1:colcon.colcon_core.package_discovery:discover_packages(prefix_path) discover
[0.390s] DEBUG:colcon.colcon_installed_package_information.package_discovery:Found 1 installed packages in /home/zha406/Codes/my_bot/install
[0.391s] DEBUG:colcon.colcon_installed_package_information.package_discovery:Found 270 installed packages in /opt/ros/foxy
[0.393s] Level 1:colcon.colcon_core.package_discovery:discover_packages(prefix_path) using defaults
[0.446s] Level 5:colcon.colcon_core.verb:set package 'my_bot' build argument 'cmake_args' from command line to 'None'
[0.446s] Level 5:colcon.colcon_core.verb:set package 'my_bot' build argument 'cmake_target' from command line to 'None'
[0.446s] Level 5:colcon.colcon_core.verb:set package 'my_bot' build argument 'cmake_target_skip_unavailable' from command line to 'False'
[0.446s] Level 5:colcon.colcon_core.verb:set package 'my_bot' build argument 'cmake_clean_cache' from command line to 'False'
[0.446s] Level 5:colcon.colcon_core.verb:set package 'my_bot' build argument 'cmake_clean_first' from command line to 'False'
[0.446s] Level 5:colcon.colcon_core.verb:set package 'my_bot' build argument 'cmake_force_configure' from command line to 'False'
[0.446s] Level 5:colcon.colcon_core.verb:set package 'my_bot' build argument 'ament_cmake_args' from command line to 'None'
[0.446s] Level 5:colcon.colcon_core.verb:set package 'my_bot' build argument 'catkin_cmake_args' from command line to 'None'
[0.446s] Level 5:colcon.colcon_core.verb:set package 'my_bot' build argument 'catkin_skip_building_tests' from command line to 'False'
[0.446s] DEBUG:colcon.colcon_core.verb:Building package 'my_bot' with the following arguments: {'ament_cmake_args': None, 'build_base': '/home/zha406/Codes/my_bot/build/my_bot', 'catkin_cmake_args': None, 'catkin_skip_building_tests': False, 'cmake_args': None, 'cmake_clean_cache': False, 'cmake_clean_first': False, 'cmake_force_configure': False, 'cmake_target': None, 'cmake_target_skip_unavailable': False, 'install_base': '/home/zha406/Codes/my_bot/install/my_bot', 'merge_install': False, 'path': '/home/zha406/Codes/my_bot', 'symlink_install': True, 'test_result_base': None}
[0.447s] INFO:colcon.colcon_core.executor:Executing jobs using 'parallel' executor
[0.450s] DEBUG:colcon.colcon_parallel_executor.executor.parallel:run_until_complete
[0.450s] INFO:colcon.colcon_ros.task.ament_cmake.build:Building ROS package in '/home/zha406/Codes/my_bot' with build type 'ament_cmake'
[0.450s] INFO:colcon.colcon_cmake.task.cmake.build:Building CMake package in '/home/zha406/Codes/my_bot'
[0.454s] INFO:colcon.colcon_core.plugin_system:Skipping extension 'colcon_core.shell.bat': Not used on non-Windows systems
[0.454s] INFO:colcon.colcon_core.shell:Skip shell extension 'powershell' for command environment: Not usable outside of PowerShell
[0.454s] DEBUG:colcon.colcon_core.shell:Skip shell extension 'dsv' for command environment
[0.457s] DEBUG:colcon.colcon_core.shell:Ignoring prefix path '/opt/ros/noetic'
[0.469s] DEBUG:colcon.colcon_core.event_handler.log_command:Invoking command in '/home/zha406/Codes/my_bot/build/my_bot': CMAKE_PREFIX_PATH=/home/zha406/Codes/my_bot/install/my_bot:/opt/ros/foxy:/opt/ros/noetic CONDA_PROMPT_MODIFIER=(bot) /home/zha406/.local/bin/cmake --build /home/zha406/Codes/my_bot/build/my_bot -- -j20 -l20
[0.543s] DEBUG:colcon.colcon_core.event_handler.log_command:Invoked command in '/home/zha406/Codes/my_bot/build/my_bot' returned '0': CMAKE_PREFIX_PATH=/home/zha406/Codes/my_bot/install/my_bot:/opt/ros/foxy:/opt/ros/noetic CONDA_PROMPT_MODIFIER=(bot) /home/zha406/.local/bin/cmake --build /home/zha406/Codes/my_bot/build/my_bot -- -j20 -l20
[0.682s] DEBUG:colcon.colcon_core.event_handler.log_command:Invoking command in '/home/zha406/Codes/my_bot/build/my_bot': CMAKE_PREFIX_PATH=/home/zha406/Codes/my_bot/install/my_bot:/opt/ros/foxy:/opt/ros/noetic CONDA_PROMPT_MODIFIER=(bot) /home/zha406/.local/bin/cmake --install /home/zha406/Codes/my_bot/build/my_bot
[0.754s] Level 1:colcon.colcon_core.environment:create_environment_scripts_only(my_bot)
[0.757s] DEBUG:colcon.colcon_core.event_handler.log_command:Invoked command in '/home/zha406/Codes/my_bot/build/my_bot' returned '0': CMAKE_PREFIX_PATH=/home/zha406/Codes/my_bot/install/my_bot:/opt/ros/foxy:/opt/ros/noetic CONDA_PROMPT_MODIFIER=(bot) /home/zha406/.local/bin/cmake --install /home/zha406/Codes/my_bot/build/my_bot
[0.764s] Level 1:colcon.colcon_core.environment:checking '/home/zha406/Codes/my_bot/install/my_bot' for CMake module files
[0.765s] Level 1:colcon.colcon_core.environment:checking '/home/zha406/Codes/my_bot/install/my_bot' for CMake config files
[0.765s] Level 1:colcon.colcon_core.shell:create_environment_hook('my_bot', 'cmake_prefix_path')
[0.767s] INFO:colcon.colcon_core.shell:Creating environment hook '/home/zha406/Codes/my_bot/install/my_bot/share/my_bot/hook/cmake_prefix_path.ps1'
[0.768s] INFO:colcon.colcon_core.shell:Creating environment descriptor '/home/zha406/Codes/my_bot/install/my_bot/share/my_bot/hook/cmake_prefix_path.dsv'
[0.768s] INFO:colcon.colcon_core.shell:Creating environment hook '/home/zha406/Codes/my_bot/install/my_bot/share/my_bot/hook/cmake_prefix_path.sh'
[0.770s] Level 1:colcon.colcon_core.environment:checking '/home/zha406/Codes/my_bot/install/my_bot/bin'
[0.770s] Level 1:colcon.colcon_core.environment:checking '/home/zha406/Codes/my_bot/install/my_bot/lib/pkgconfig/my_bot.pc'
[0.770s] Level 1:colcon.colcon_core.environment:checking '/home/zha406/Codes/my_bot/install/my_bot/lib/python3.8/site-packages'
[0.770s] Level 1:colcon.colcon_core.environment:checking '/home/zha406/Codes/my_bot/install/my_bot/bin'
[0.772s] INFO:colcon.colcon_core.shell:Creating package script '/home/zha406/Codes/my_bot/install/my_bot/share/my_bot/package.ps1'
[0.773s] INFO:colcon.colcon_core.shell:Creating package descriptor '/home/zha406/Codes/my_bot/install/my_bot/share/my_bot/package.dsv'
[0.774s] INFO:colcon.colcon_core.shell:Creating package script '/home/zha406/Codes/my_bot/install/my_bot/share/my_bot/package.sh'
[0.775s] INFO:colcon.colcon_core.shell:Creating package script '/home/zha406/Codes/my_bot/install/my_bot/share/my_bot/package.bash'
[0.775s] INFO:colcon.colcon_core.shell:Creating package script '/home/zha406/Codes/my_bot/install/my_bot/share/my_bot/package.zsh'
[0.776s] Level 1:colcon.colcon_core.environment:create_file_with_runtime_dependencies(/home/zha406/Codes/my_bot/install/my_bot/share/colcon-core/packages/my_bot)
[0.840s] Level 1:colcon.colcon_core.environment:create_environment_scripts_only(my_bot)
[0.845s] Level 1:colcon.colcon_core.environment:checking '/home/zha406/Codes/my_bot/install/my_bot' for CMake module files
[0.846s] Level 1:colcon.colcon_core.environment:checking '/home/zha406/Codes/my_bot/install/my_bot' for CMake config files
[0.847s] Level 1:colcon.colcon_core.shell:create_environment_hook('my_bot', 'cmake_prefix_path')
[0.849s] INFO:colcon.colcon_core.shell:Creating environment hook '/home/zha406/Codes/my_bot/install/my_bot/share/my_bot/hook/cmake_prefix_path.ps1'
[0.851s] INFO:colcon.colcon_core.shell:Creating environment descriptor '/home/zha406/Codes/my_bot/install/my_bot/share/my_bot/hook/cmake_prefix_path.dsv'
[0.852s] INFO:colcon.colcon_core.shell:Creating environment hook '/home/zha406/Codes/my_bot/install/my_bot/share/my_bot/hook/cmake_prefix_path.sh'
[0.852s] Level 1:colcon.colcon_core.environment:checking '/home/zha406/Codes/my_bot/install/my_bot/bin'
[0.853s] Level 1:colcon.colcon_core.environment:checking '/home/zha406/Codes/my_bot/install/my_bot/lib/pkgconfig/my_bot.pc'
[0.853s] Level 1:colcon.colcon_core.environment:checking '/home/zha406/Codes/my_bot/install/my_bot/lib/python3.8/site-packages'
[0.853s] Level 1:colcon.colcon_core.environment:checking '/home/zha406/Codes/my_bot/install/my_bot/bin'
[0.856s] INFO:colcon.colcon_core.shell:Creating package script '/home/zha406/Codes/my_bot/install/my_bot/share/my_bot/package.ps1'
[0.857s] INFO:colcon.colcon_core.shell:Creating package descriptor '/home/zha406/Codes/my_bot/install/my_bot/share/my_bot/package.dsv'
[0.857s] INFO:colcon.colcon_core.shell:Creating package script '/home/zha406/Codes/my_bot/install/my_bot/share/my_bot/package.sh'
[0.858s] INFO:colcon.colcon_core.shell:Creating package script '/home/zha406/Codes/my_bot/install/my_bot/share/my_bot/package.bash'
[0.858s] INFO:colcon.colcon_core.shell:Creating package script '/home/zha406/Codes/my_bot/install/my_bot/share/my_bot/package.zsh'
[0.859s] Level 1:colcon.colcon_core.environment:create_file_with_runtime_dependencies(/home/zha406/Codes/my_bot/install/my_bot/share/colcon-core/packages/my_bot)
[0.859s] DEBUG:colcon.colcon_parallel_executor.executor.parallel:closing loop
[0.860s] DEBUG:colcon.colcon_parallel_executor.executor.parallel:loop closed
[0.860s] DEBUG:colcon.colcon_parallel_executor.executor.parallel:run_until_complete finished with '0'
[0.860s] DEBUG:colcon.colcon_core.event_reactor:joining thread
[0.872s] INFO:colcon.colcon_core.plugin_system:Skipping extension 'colcon_notification.desktop_notification.terminal_notifier': Not used on non-Darwin systems
[0.873s] INFO:colcon.colcon_core.plugin_system:Skipping extension 'colcon_notification.desktop_notification.win32': Not used on non-Windows systems
[0.873s] INFO:colcon.colcon_notification.desktop_notification:Sending desktop notification using 'notify2'
[0.900s] DEBUG:colcon.colcon_core.event_reactor:joined thread
[0.903s] INFO:colcon.colcon_core.shell:Creating prefix script '/home/zha406/Codes/my_bot/install/local_setup.ps1'
[0.906s] INFO:colcon.colcon_core.shell:Creating prefix util module '/home/zha406/Codes/my_bot/install/_local_setup_util_ps1.py'
[0.909s] INFO:colcon.colcon_core.shell:Creating prefix chain script '/home/zha406/Codes/my_bot/install/setup.ps1'
[0.912s] INFO:colcon.colcon_core.shell:Creating prefix script '/home/zha406/Codes/my_bot/install/local_setup.sh'
[0.914s] INFO:colcon.colcon_core.shell:Creating prefix util module '/home/zha406/Codes/my_bot/install/_local_setup_util_sh.py'
[0.915s] INFO:colcon.colcon_core.shell:Creating prefix chain script '/home/zha406/Codes/my_bot/install/setup.sh'
[0.918s] INFO:colcon.colcon_core.shell:Creating prefix script '/home/zha406/Codes/my_bot/install/local_setup.bash'
[0.919s] INFO:colcon.colcon_core.shell:Creating prefix chain script '/home/zha406/Codes/my_bot/install/setup.bash'
[0.921s] INFO:colcon.colcon_core.shell:Creating prefix script '/home/zha406/Codes/my_bot/install/local_setup.zsh'
[0.921s] INFO:colcon.colcon_core.shell:Creating prefix chain script '/home/zha406/Codes/my_bot/install/setup.zsh'
